#
# There is insufficient memory for the Java Runtime Environment to continue.
# Native memory allocation (mmap) failed to map 132120576 bytes for G1 virtual space
# Possible reasons:
#   The system is out of physical RAM or swap space
#   The process is running with CompressedOops enabled, and the Java Heap may be blocking the growth of the native heap
# Possible solutions:
#   Reduce memory load on the system
#   Increase physical memory or swap space
#   Check if swap backing store is full
#   Decrease Java heap size (-Xmx/-Xms)
#   Decrease number of Java threads
#   Decrease Java thread stack sizes (-Xss)
#   Set larger code cache with -XX:ReservedCodeCacheSize=
#   JVM is running with Unscaled Compressed Oops mode in which the Java heap is
#     placed in the first 4GB address space. The Java Heap base address is the
#     maximum limit for the native heap growth. Please use -XX:HeapBaseMinAddress
#     to set the Java Heap base and to place the Java Heap above 4GB virtual address.
# This output file may be truncated or incomplete.
#
#  Out of Memory Error (os_windows.cpp:3466), pid=15880, tid=15928
#
# JRE version:  (16.0.1+9) (build )
# Java VM: OpenJDK 64-Bit Server VM (16.0.1+9-24, mixed mode, sharing, tiered, compressed oops, compressed class ptrs, g1 gc, windows-amd64)
# No core dump will be written. Minidumps are not enabled by default on client versions of Windows
#

---------------  S U M M A R Y ------------

Command Line: -Dfile.encoding=Cp1252 -XX:+ShowCodeDetailsInExceptionMessages telas.Usuarios

Host: Intel(R) Core(TM) i5-3230M CPU @ 2.60GHz, 4 cores, 7G,  Windows 10 , 64 bit Build 19041 (10.0.19041.1202)
Time: Sat Oct 16 17:50:04 2021 Hora oficial do Brasil elapsed time: 0.105939 seconds (0d 0h 0m 0s)

---------------  T H R E A D  ---------------

Current thread (0x00000136356d1790):  JavaThread "Unknown thread" [_thread_in_vm, id=15928, stack(0x0000000e4e100000,0x0000000e4e200000)]

Stack: [0x0000000e4e100000,0x0000000e4e200000]
Native frames: (J=compiled Java code, j=interpreted, Vv=VM code, C=native code)
V  [jvm.dll+0x6687ca]
V  [jvm.dll+0x7ca3c9]
V  [jvm.dll+0x7cbb53]
V  [jvm.dll+0x7cc1b3]
V  [jvm.dll+0x242ea5]
V  [jvm.dll+0x665589]
V  [jvm.dll+0x65a175]
V  [jvm.dll+0x2fc5ab]
V  [jvm.dll+0x3037a6]
V  [jvm.dll+0x352fee]
V  [jvm.dll+0x35321f]
V  [jvm.dll+0x2d3618]
V  [jvm.dll+0x2d4854]
V  [jvm.dll+0x79ccb1]
V  [jvm.dll+0x360de1]
V  [jvm.dll+0x77a990]
V  [jvm.dll+0x3e55af]
V  [jvm.dll+0x3e7081]
C  [jli.dll+0x52fb]
C  [ucrtbase.dll+0x21bb2]
C  [KERNEL32.DLL+0x17034]
C  [ntdll.dll+0x52651]


---------------  P R O C E S S  ---------------

Threads class SMR info:
_java_thread_list=0x00007fffb4c0cbb8, length=0, elements={
}

Java Threads: ( => current thread )

Other Threads:
  0x0000013635710930 GCTaskThread "GC Thread#0" [stack: 0x0000000e4e200000,0x0000000e4e300000] [id=15932]
  0x0000013635721d60 ConcurrentGCThread "G1 Main Marker" [stack: 0x0000000e4e300000,0x0000000e4e400000] [id=15936]
  0x0000013635722850 ConcurrentGCThread "G1 Conc#0" [stack: 0x0000000e4e400000,0x0000000e4e500000] [id=15940]

[error occurred during error reporting (printing all threads), id 0xc0000005, EXCEPTION_ACCESS_VIOLATION (0xc0000005) at pc=0x00007fffb43e44d7]

VM state: not at safepoint (not fully initialized)

VM Mutex/Monitor currently owned by a thread:  ([mutex/lock_event])
[0x00000136356ceed0] Heap_lock - owner thread: 0x00000136356d1790

Heap address: 0x0000000082c00000, size: 2004 MB, Compressed Oops mode: 32-bit

CDS archive(s) mapped at: [0x0000000000000000-0x0000000000000000-0x0000000000000000), size 0, SharedBaseAddress: 0x0000000800000000, ArchiveRelocationMode: 0.
Narrow klass base: 0x0000000000000000, Narrow klass shift: 0, Narrow klass range: 0x0

GC Precious Log:
<Empty>

Heap:
 garbage-first heap   total 0K, used 0K [0x0000000082c00000, 0x0000000100000000)
  region size 1024K, 0 young (0K), 0 survivors (0K)

[error occurred during error reporting (printing heap information), id 0xc0000005, EXCEPTION_ACCESS_VIOLATION (0xc0000005) at pc=0x00007fffb47c24ed]

GC Heap History (0 events):
No events

Deoptimization events (0 events):
No events

Classes unloaded (0 events):
No events

Classes redefined (0 events):
No events

Internal exceptions (0 events):
No events

Events (1 events):
Event: 0.011 Loaded shared library C:\Users\Mateus Acer\Desktop\App_Study\eclipse\plugins\org.eclipse.justj.openjdk.hotspot.jre.full.win32.x86_64_16.0.1.v20210528-1205\jre\bin\java.dll


Dynamic libraries:
0x00007ff76f660000 - 0x00007ff76f66e000 	C:\Users\Mateus Acer\Desktop\App_Study\eclipse\plugins\org.eclipse.justj.openjdk.hotspot.jre.full.win32.x86_64_16.0.1.v20210528-1205\jre\bin\javaw.exe
0x00007ff81b350000 - 0x00007ff81b545000 	C:\Windows\SYSTEM32\ntdll.dll
0x00007ffff5b90000 - 0x00007ffff5ba5000 	C:\Program Files\AVAST Software\Avast\aswhook.dll
0x00007ff819de0000 - 0x00007ff819e9e000 	C:\Windows\System32\KERNEL32.DLL
0x00007ff818a70000 - 0x00007ff818d39000 	C:\Windows\System32\KERNELBASE.dll
0x00007ff818e90000 - 0x00007ff818f90000 	C:\Windows\System32\ucrtbase.dll
0x00007ff8084b0000 - 0x00007ff8084c8000 	C:\Users\Mateus Acer\Desktop\App_Study\eclipse\plugins\org.eclipse.justj.openjdk.hotspot.jre.full.win32.x86_64_16.0.1.v20210528-1205\jre\bin\jli.dll
0x00007ff8083b0000 - 0x00007ff8083c9000 	C:\Users\Mateus Acer\Desktop\App_Study\eclipse\plugins\org.eclipse.justj.openjdk.hotspot.jre.full.win32.x86_64_16.0.1.v20210528-1205\jre\bin\VCRUNTIME140.dll
0x00007ff81a990000 - 0x00007ff81ab31000 	C:\Windows\System32\USER32.dll
0x00007ff818e60000 - 0x00007ff818e82000 	C:\Windows\System32\win32u.dll
0x00007ff800970000 - 0x00007ff800c0a000 	C:\Windows\WinSxS\amd64_microsoft.windows.common-controls_6595b64144ccf1df_6.0.19041.1110_none_60b5254171f9507e\COMCTL32.dll
0x00007ff81ac90000 - 0x00007ff81acbb000 	C:\Windows\System32\GDI32.dll
0x00007ff819c70000 - 0x00007ff819d0e000 	C:\Windows\System32\msvcrt.dll
0x00007ff818f90000 - 0x00007ff81909b000 	C:\Windows\System32\gdi32full.dll
0x00007ff818dc0000 - 0x00007ff818e5d000 	C:\Windows\System32\msvcp_win.dll
0x00007ff81ad60000 - 0x00007ff81ad90000 	C:\Windows\System32\IMM32.DLL
0x00007ff808310000 - 0x00007ff80831c000 	C:\Users\Mateus Acer\Desktop\App_Study\eclipse\plugins\org.eclipse.justj.openjdk.hotspot.jre.full.win32.x86_64_16.0.1.v20210528-1205\jre\bin\vcruntime140_1.dll
0x00007ff8076a0000 - 0x00007ff807731000 	C:\Users\Mateus Acer\Desktop\App_Study\eclipse\plugins\org.eclipse.justj.openjdk.hotspot.jre.full.win32.x86_64_16.0.1.v20210528-1205\jre\bin\msvcp140.dll
0x00007fffb4100000 - 0x00007fffb4cab000 	C:\Users\Mateus Acer\Desktop\App_Study\eclipse\plugins\org.eclipse.justj.openjdk.hotspot.jre.full.win32.x86_64_16.0.1.v20210528-1205\jre\bin\server\jvm.dll
0x00007ff81abe0000 - 0x00007ff81ac8c000 	C:\Windows\System32\ADVAPI32.dll
0x00007ff81ab40000 - 0x00007ff81abdb000 	C:\Windows\System32\sechost.dll
0x00007ff81a580000 - 0x00007ff81a6aa000 	C:\Windows\System32\RPCRT4.dll
0x00007ff81acc0000 - 0x00007ff81acc8000 	C:\Windows\System32\PSAPI.DLL
0x00007ff80cf20000 - 0x00007ff80cf29000 	C:\Windows\SYSTEM32\WSOCK32.dll
0x00007ff813a20000 - 0x00007ff813a47000 	C:\Windows\SYSTEM32\WINMM.dll
0x00007ff81ad90000 - 0x00007ff81adfb000 	C:\Windows\System32\WS2_32.dll
0x00007ff8120a0000 - 0x00007ff8120aa000 	C:\Windows\SYSTEM32\VERSION.dll
0x00007ff816890000 - 0x00007ff8168a2000 	C:\Windows\SYSTEM32\kernel.appcore.dll
0x00007ff810a40000 - 0x00007ff810a4a000 	C:\Users\Mateus Acer\Desktop\App_Study\eclipse\plugins\org.eclipse.justj.openjdk.hotspot.jre.full.win32.x86_64_16.0.1.v20210528-1205\jre\bin\jimage.dll
0x00007ff811de0000 - 0x00007ff811fc4000 	C:\Windows\SYSTEM32\DBGHELP.DLL
0x00007ff811db0000 - 0x00007ff811ddc000 	C:\Windows\SYSTEM32\dbgcore.DLL
0x00007ff819310000 - 0x00007ff819393000 	C:\Windows\System32\bcryptPrimitives.dll
0x00007ff809640000 - 0x00007ff809665000 	C:\Users\Mateus Acer\Desktop\App_Study\eclipse\plugins\org.eclipse.justj.openjdk.hotspot.jre.full.win32.x86_64_16.0.1.v20210528-1205\jre\bin\java.dll

dbghelp: loaded successfully - version: 4.0.5 - missing functions: none
symbol engine: initialized successfully - sym options: 0x614 - pdb path: .;C:\Users\Mateus Acer\Desktop\App_Study\eclipse\plugins\org.eclipse.justj.openjdk.hotspot.jre.full.win32.x86_64_16.0.1.v20210528-1205\jre\bin;C:\Windows\SYSTEM32;C:\Program Files\AVAST Software\Avast;C:\Windows\WinSxS\amd64_microsoft.windows.common-controls_6595b64144ccf1df_6.0.19041.1110_none_60b5254171f9507e;C:\Users\Mateus Acer\Desktop\App_Study\eclipse\plugins\org.eclipse.justj.openjdk.hotspot.jre.full.win32.x86_64_16.0.1.v20210528-1205\jre\bin\server

VM Arguments:
jvm_args: -Dfile.encoding=Cp1252 -XX:+ShowCodeDetailsInExceptionMessages 
java_command: telas.Usuarios
java_class_path (initial): C:\Users\Mateus Acer\Desktop\App_Study\Irriga Vida - Sistema de Irrigacao\Sistema - Irriga Vida - PI - ADS - 3\bin;C:\Users\Mateus Acer\Desktop\App_Study\Irriga Vida - Sistema de Irrigacao\Sistema - Irriga Vida - PI - ADS - 3\jgoodies-common-1.8.0.jar;C:\Users\Mateus Acer\Desktop\App_Study\Irriga Vida - Sistema de Irrigacao\Sistema - Irriga Vida - PI - ADS - 3\jgoodies-forms-1.8.0.jar;C:\Users\Mateus Acer\Desktop\App_Study\Irriga Vida - Sistema de Irrigacao\Sistema - Irriga Vida - PI - ADS - 3\jcalendar-1.4.jar;C:\Users\Mateus Acer\Desktop\App_Study\Irriga Vida - Sistema de Irrigacao\Sistema - Irriga Vida - PI - ADS - 3\src\sqljdbc4.jar
Launcher Type: SUN_STANDARD

[Global flags]
     intx CICompilerCount                          = 3                                         {product} {ergonomic}
     uint ConcGCThreads                            = 1                                         {product} {ergonomic}
     uint G1ConcRefinementThreads                  = 4                                         {product} {ergonomic}
   size_t G1HeapRegionSize                         = 1048576                                   {product} {ergonomic}
    uintx GCDrainStackTargetSize                   = 64                                        {product} {ergonomic}
   size_t InitialHeapSize                          = 132120576                                 {product} {ergonomic}
   size_t MarkStackSize                            = 4194304                                   {product} {ergonomic}
   size_t MaxHeapSize                              = 2101346304                                {product} {ergonomic}
   size_t MinHeapDeltaBytes                        = 1048576                                   {product} {ergonomic}
   size_t MinHeapSize                              = 8388608                                   {product} {ergonomic}
    uintx NonNMethodCodeHeapSize                   = 5832780                                {pd product} {ergonomic}
    uintx NonProfiledCodeHeapSize                  = 122912730                              {pd product} {ergonomic}
    uintx ProfiledCodeHeapSize                     = 122912730                              {pd product} {ergonomic}
    uintx ReservedCodeCacheSize                    = 251658240                              {pd product} {ergonomic}
     bool SegmentedCodeCache                       = true                                      {product} {ergonomic}
     bool ShowCodeDetailsInExceptionMessages       = true                                   {manageable} {command line}
   size_t SoftMaxHeapSize                          = 2101346304                             {manageable} {ergonomic}
     bool UseCompressedClassPointers               = true                           {product lp64_product} {ergonomic}
     bool UseCompressedOops                        = true                           {product lp64_product} {ergonomic}
     bool UseG1GC                                  = true                                      {product} {ergonomic}
     bool UseLargePagesIndividualAllocation        = false                                  {pd product} {ergonomic}

Logging:
Log output configuration:
 #0: stdout all=warning uptime,level,tags
 #1: stderr all=off uptime,level,tags

Environment Variables:
PATH=C:/Users/Mateus Acer/Desktop/App_Study/eclipse//plugins/org.eclipse.justj.openjdk.hotspot.jre.full.win32.x86_64_16.0.1.v20210528-1205/jre/bin/server;C:/Users/Mateus Acer/Desktop/App_Study/eclipse//plugins/org.eclipse.justj.openjdk.hotspot.jre.full.win32.x86_64_16.0.1.v20210528-1205/jre/bin;C:\Program Files\Common Files\Oracle\Java\javapath;C:\Program Files (x86)\Common Files\Oracle\Java\javapath;C:\Windows\system32;C:\Windows;C:\Windows\System32\Wbem;C:\Windows\System32\WindowsPowerShell\v1.0\;C:\Program Files (x86)\Skype\Phone\;C:\Windows\System32\OpenSSH\;C:\Program Files\dotnet\;C:\Program Files\Microsoft SQL Server\Client SDK\ODBC\170\Tools\Binn\;C:\Program Files (x86)\Microsoft SQL Server\150\Tools\Binn\;C:\Program Files\Microsoft SQL Server\150\Tools\Binn\;C:\Program Files\Microsoft SQL Server\150\DTS\Binn\;C:\Program Files (x86)\Microsoft SQL Server\150\DTS\Binn\;C:\Program Files\Azure Data Studio\bin;C:\Program Files (x86)\dotnet\;C:\Users\Mateus Acer\AppData\Local\Programs\Python\Python39\Scripts\;C:\Users\Mateus Acer\AppData\Local\Programs\Python\Python39\;C:\Users\Mateus Acer\AppData\Local\Microsoft\WindowsApps;C:\Users\Mateus Acer\.dotnet\tools;C:\Program Files\Azure Data Studio\bin;C:\Users\Mateus Acer\AppData\Local\GitHubDesktop\bin;C:\Users\Mateus Acer\Desktop\App_Study\eclipse;
USERNAME=Mateus Acer
OS=Windows_NT
PROCESSOR_IDENTIFIER=Intel64 Family 6 Model 58 Stepping 9, GenuineIntel



---------------  S Y S T E M  ---------------

OS:
 Windows 10 , 64 bit Build 19041 (10.0.19041.1202)
OS uptime: 0 days 11:28 hours

CPU: total 4 (initial active 4) (2 cores per cpu, 2 threads per core) family 6 model 58 stepping 9 microcode 0x21, cx8, cmov, fxsr, ht, mmx, sse, sse2, sse3, ssse3, sse4.1, sse4.2, popcnt, tsc, tscinvbit, avx, aes, erms, clmul, vzeroupper, clflush

Memory: 4k page, system-wide physical 8010M (1394M free)
TotalPageFile size 9492M (AvailPageFile size 40M)
current process WorkingSet (physical memory assigned to process): 10M, peak: 10M
current process commit charge ("private bytes"): 52M, peak: 177M

vm_info: OpenJDK 64-Bit Server VM (16.0.1+9-24) for windows-amd64 JRE (16.0.1+9-24), built on Mar 26 2021 19:30:07 by "mach5one" with MS VC++ 16.7 (VS2019)

END.
